
*** Running vivado
    with args -log embsys_CameraIP_0_3.vds -m64 -product Vivado -mode batch -messageDb vivado.pb -notrace -source embsys_CameraIP_0_3.tcl


****** Vivado v2018.2 (64-bit)
  **** SW Build 2258646 on Thu Jun 14 20:03:12 MDT 2018
  **** IP Build 2256618 on Thu Jun 14 22:10:49 MDT 2018
    ** Copyright 1986-2018 Xilinx, Inc. All Rights Reserved.

Sourcing tcl script 'C:/Users/Ryan Bornhorst/AppData/Roaming/Xilinx/Vivado/Vivado_init.tcl'
source embsys_CameraIP_0_3.tcl -notrace
WARNING: [Board 49-91] Board repository path 'C:XilinxVivadoÅ8.2dataoards' does not exist, it will not be used to search board files.
Command: synth_design -top embsys_CameraIP_0_3 -part xc7a100tcsg324-1 -directive FewerCarryChains -retiming -mode out_of_context
Starting synth_design
Attempting to get a license for feature 'Synthesis' and/or device 'xc7a100t'
INFO: [Common 17-349] Got license for feature 'Synthesis' and/or device 'xc7a100t'
INFO: Launching helper process for spawning children vivado processes
INFO: Helper process launched with PID 29152 
---------------------------------------------------------------------------------
Starting RTL Elaboration : Time (s): cpu = 00:00:02 ; elapsed = 00:00:02 . Memory (MB): peak = 430.270 ; gain = 101.180
---------------------------------------------------------------------------------
INFO: [Synth 8-6157] synthesizing module 'embsys_CameraIP_0_3' [c:/Users/Public/Vivado/ECE544_PROJv3/project_1/project_1.srcs/sources_1/bd/embsys/ip/embsys_CameraIP_0_3/synth/embsys_CameraIP_0_3.v:57]
INFO: [Synth 8-6157] synthesizing module 'CameraIP_v1_0' [c:/Users/Public/Vivado/ECE544_PROJv3/project_1/project_1.srcs/sources_1/bd/embsys/ipshared/22b9/hdl/CameraIP_v1_0.v:4]
	Parameter C_S00_AXI_DATA_WIDTH bound to: 32 - type: integer 
	Parameter C_S00_AXI_ADDR_WIDTH bound to: 4 - type: integer 
INFO: [Synth 8-6157] synthesizing module 'CameraIP_v1_0_S00_AXI' [c:/Users/Public/Vivado/ECE544_PROJv3/project_1/project_1.srcs/sources_1/bd/embsys/ipshared/22b9/hdl/CameraIP_v1_0_S00_AXI.v:4]
	Parameter C_S_AXI_DATA_WIDTH bound to: 32 - type: integer 
	Parameter C_S_AXI_ADDR_WIDTH bound to: 4 - type: integer 
	Parameter ADDR_LSB bound to: 2 - type: integer 
	Parameter OPT_MEM_ADDR_BITS bound to: 1 - type: integer 
INFO: [Synth 8-226] default block is never used [c:/Users/Public/Vivado/ECE544_PROJv3/project_1/project_1.srcs/sources_1/bd/embsys/ipshared/22b9/hdl/CameraIP_v1_0_S00_AXI.v:255]
INFO: [Synth 8-226] default block is never used [c:/Users/Public/Vivado/ECE544_PROJv3/project_1/project_1.srcs/sources_1/bd/embsys/ipshared/22b9/hdl/CameraIP_v1_0_S00_AXI.v:396]
INFO: [Synth 8-6157] synthesizing module 'OV7670_wrapper' [c:/Users/Public/Vivado/ECE544_PROJv3/project_1/project_1.srcs/sources_1/bd/embsys/ipshared/22b9/src/OV7670_wrapper.v:23]
INFO: [Synth 8-6157] synthesizing module 'OV7670_controller' [c:/Users/Public/Vivado/ECE544_PROJv3/project_1/project_1.srcs/sources_1/bd/embsys/ipshared/22b9/src/OV7670_controller.v:8]
	Parameter camera_address bound to: 8'b01000010 
INFO: [Synth 8-6157] synthesizing module 'i2c_sender' [c:/Users/Public/Vivado/ECE544_PROJv3/project_1/project_1.srcs/sources_1/bd/embsys/ipshared/22b9/src/i2c_sender.v:8]
WARNING: [Synth 8-5788] Register taken_reg in module i2c_sender is has both Set and reset with same priority. This may cause simulation mismatches. Consider rewriting code  [c:/Users/Public/Vivado/ECE544_PROJv3/project_1/project_1.srcs/sources_1/bd/embsys/ipshared/22b9/src/i2c_sender.v:35]
WARNING: [Synth 8-5788] Register sioc_reg in module i2c_sender is has both Set and reset with same priority. This may cause simulation mismatches. Consider rewriting code  [c:/Users/Public/Vivado/ECE544_PROJv3/project_1/project_1.srcs/sources_1/bd/embsys/ipshared/22b9/src/i2c_sender.v:37]
INFO: [Synth 8-6155] done synthesizing module 'i2c_sender' (1#1) [c:/Users/Public/Vivado/ECE544_PROJv3/project_1/project_1.srcs/sources_1/bd/embsys/ipshared/22b9/src/i2c_sender.v:8]
INFO: [Synth 8-6155] done synthesizing module 'OV7670_controller' (2#1) [c:/Users/Public/Vivado/ECE544_PROJv3/project_1/project_1.srcs/sources_1/bd/embsys/ipshared/22b9/src/OV7670_controller.v:8]
INFO: [Synth 8-6157] synthesizing module 'OV7670_capture' [c:/Users/Public/Vivado/ECE544_PROJv3/project_1/project_1.srcs/sources_1/bd/embsys/ipshared/22b9/src/OV7670_capture.v:8]
WARNING: [Synth 8-5788] Register dout_reg in module OV7670_capture is has both Set and reset with same priority. This may cause simulation mismatches. Consider rewriting code  [c:/Users/Public/Vivado/ECE544_PROJv3/project_1/project_1.srcs/sources_1/bd/embsys/ipshared/22b9/src/OV7670_capture.v:44]
WARNING: [Synth 8-5788] Register we_reg in module OV7670_capture is has both Set and reset with same priority. This may cause simulation mismatches. Consider rewriting code  [c:/Users/Public/Vivado/ECE544_PROJv3/project_1/project_1.srcs/sources_1/bd/embsys/ipshared/22b9/src/OV7670_capture.v:46]
INFO: [Synth 8-6155] done synthesizing module 'OV7670_capture' (3#1) [c:/Users/Public/Vivado/ECE544_PROJv3/project_1/project_1.srcs/sources_1/bd/embsys/ipshared/22b9/src/OV7670_capture.v:8]
INFO: [Synth 8-6157] synthesizing module 'vga' [c:/Users/Public/Vivado/ECE544_PROJv3/project_1/project_1.srcs/sources_1/bd/embsys/ipshared/22b9/src/vga.v:8]
	Parameter hRez bound to: 640 - type: integer 
	Parameter hStartSync bound to: 656 - type: integer 
	Parameter hEndSync bound to: 752 - type: integer 
	Parameter hMaxCount bound to: 800 - type: integer 
	Parameter vRez bound to: 480 - type: integer 
	Parameter vStartSync bound to: 490 - type: integer 
	Parameter vEndSync bound to: 492 - type: integer 
	Parameter vMaxCount bound to: 525 - type: integer 
	Parameter hsync_active bound to: 1'b0 
	Parameter vsync_active bound to: 1'b0 
WARNING: [Synth 8-5788] Register frame_addr_reg in module vga is has both Set and reset with same priority. This may cause simulation mismatches. Consider rewriting code  [c:/Users/Public/Vivado/ECE544_PROJv3/project_1/project_1.srcs/sources_1/bd/embsys/ipshared/22b9/src/vga.v:46]
WARNING: [Synth 8-5788] Register vga_red_reg in module vga is has both Set and reset with same priority. This may cause simulation mismatches. Consider rewriting code  [c:/Users/Public/Vivado/ECE544_PROJv3/project_1/project_1.srcs/sources_1/bd/embsys/ipshared/22b9/src/vga.v:58]
WARNING: [Synth 8-5788] Register vga_green_reg in module vga is has both Set and reset with same priority. This may cause simulation mismatches. Consider rewriting code  [c:/Users/Public/Vivado/ECE544_PROJv3/project_1/project_1.srcs/sources_1/bd/embsys/ipshared/22b9/src/vga.v:59]
WARNING: [Synth 8-5788] Register vga_blue_reg in module vga is has both Set and reset with same priority. This may cause simulation mismatches. Consider rewriting code  [c:/Users/Public/Vivado/ECE544_PROJv3/project_1/project_1.srcs/sources_1/bd/embsys/ipshared/22b9/src/vga.v:60]
WARNING: [Synth 8-5788] Register vga_hsync_reg in module vga is has both Set and reset with same priority. This may cause simulation mismatches. Consider rewriting code  [c:/Users/Public/Vivado/ECE544_PROJv3/project_1/project_1.srcs/sources_1/bd/embsys/ipshared/22b9/src/vga.v:81]
WARNING: [Synth 8-5788] Register vga_vsync_reg in module vga is has both Set and reset with same priority. This may cause simulation mismatches. Consider rewriting code  [c:/Users/Public/Vivado/ECE544_PROJv3/project_1/project_1.srcs/sources_1/bd/embsys/ipshared/22b9/src/vga.v:87]
INFO: [Synth 8-6155] done synthesizing module 'vga' (4#1) [c:/Users/Public/Vivado/ECE544_PROJv3/project_1/project_1.srcs/sources_1/bd/embsys/ipshared/22b9/src/vga.v:8]
INFO: [Synth 8-6155] done synthesizing module 'OV7670_wrapper' (5#1) [c:/Users/Public/Vivado/ECE544_PROJv3/project_1/project_1.srcs/sources_1/bd/embsys/ipshared/22b9/src/OV7670_wrapper.v:23]
WARNING: [Synth 8-6014] Unused sequential element slv_reg0_reg was removed.  [c:/Users/Public/Vivado/ECE544_PROJv3/project_1/project_1.srcs/sources_1/bd/embsys/ipshared/22b9/hdl/CameraIP_v1_0_S00_AXI.v:247]
INFO: [Synth 8-6155] done synthesizing module 'CameraIP_v1_0_S00_AXI' (6#1) [c:/Users/Public/Vivado/ECE544_PROJv3/project_1/project_1.srcs/sources_1/bd/embsys/ipshared/22b9/hdl/CameraIP_v1_0_S00_AXI.v:4]
INFO: [Synth 8-6155] done synthesizing module 'CameraIP_v1_0' (7#1) [c:/Users/Public/Vivado/ECE544_PROJv3/project_1/project_1.srcs/sources_1/bd/embsys/ipshared/22b9/hdl/CameraIP_v1_0.v:4]
INFO: [Synth 8-6155] done synthesizing module 'embsys_CameraIP_0_3' (8#1) [c:/Users/Public/Vivado/ECE544_PROJv3/project_1/project_1.srcs/sources_1/bd/embsys/ip/embsys_CameraIP_0_3/synth/embsys_CameraIP_0_3.v:57]
WARNING: [Synth 8-3331] design OV7670_wrapper has unconnected port clk100
WARNING: [Synth 8-3331] design CameraIP_v1_0_S00_AXI has unconnected port S_AXI_AWPROT[2]
WARNING: [Synth 8-3331] design CameraIP_v1_0_S00_AXI has unconnected port S_AXI_AWPROT[1]
WARNING: [Synth 8-3331] design CameraIP_v1_0_S00_AXI has unconnected port S_AXI_AWPROT[0]
WARNING: [Synth 8-3331] design CameraIP_v1_0_S00_AXI has unconnected port S_AXI_ARPROT[2]
WARNING: [Synth 8-3331] design CameraIP_v1_0_S00_AXI has unconnected port S_AXI_ARPROT[1]
WARNING: [Synth 8-3331] design CameraIP_v1_0_S00_AXI has unconnected port S_AXI_ARPROT[0]
---------------------------------------------------------------------------------
Finished RTL Elaboration : Time (s): cpu = 00:00:03 ; elapsed = 00:00:03 . Memory (MB): peak = 485.336 ; gain = 156.246
---------------------------------------------------------------------------------

Report Check Netlist: 
+------+------------------+-------+---------+-------+------------------+
|      |Item              |Errors |Warnings |Status |Description       |
+------+------------------+-------+---------+-------+------------------+
|1     |multi_driven_nets |      0|        0|Passed |Multi driven nets |
+------+------------------+-------+---------+-------+------------------+
---------------------------------------------------------------------------------
Start Handling Custom Attributes
---------------------------------------------------------------------------------
---------------------------------------------------------------------------------
Finished Handling Custom Attributes : Time (s): cpu = 00:00:04 ; elapsed = 00:00:03 . Memory (MB): peak = 485.336 ; gain = 156.246
---------------------------------------------------------------------------------
---------------------------------------------------------------------------------
Finished RTL Optimization Phase 1 : Time (s): cpu = 00:00:04 ; elapsed = 00:00:03 . Memory (MB): peak = 485.336 ; gain = 156.246
---------------------------------------------------------------------------------
INFO: [Device 21-403] Loading part xc7a100tcsg324-1
INFO: [Project 1-570] Preparing netlist for logic optimization

Processing XDC Constraints
Initializing timing engine
Completed Processing XDC Constraints

INFO: [Project 1-111] Unisim Transformation Summary:
No Unisim elements were transformed.

WARNING: [Constraints 18-5210] No constraint will be written out.
Constraint Validation Runtime : Time (s): cpu = 00:00:00 ; elapsed = 00:00:00.065 . Memory (MB): peak = 821.129 ; gain = 2.781
---------------------------------------------------------------------------------
Finished Constraint Validation : Time (s): cpu = 00:00:12 ; elapsed = 00:00:13 . Memory (MB): peak = 821.129 ; gain = 492.039
---------------------------------------------------------------------------------
---------------------------------------------------------------------------------
Start Loading Part and Timing Information
---------------------------------------------------------------------------------
Loading part: xc7a100tcsg324-1
---------------------------------------------------------------------------------
Finished Loading Part and Timing Information : Time (s): cpu = 00:00:12 ; elapsed = 00:00:13 . Memory (MB): peak = 821.129 ; gain = 492.039
---------------------------------------------------------------------------------
---------------------------------------------------------------------------------
Start Applying 'set_property' XDC Constraints
---------------------------------------------------------------------------------
---------------------------------------------------------------------------------
Finished applying 'set_property' XDC Constraints : Time (s): cpu = 00:00:12 ; elapsed = 00:00:13 . Memory (MB): peak = 821.129 ; gain = 492.039
---------------------------------------------------------------------------------
INFO: [Synth 8-5546] ROM "divider" won't be mapped to RAM because it is too sparse
INFO: [Synth 8-5546] ROM "busy_sr" won't be mapped to RAM because it is too sparse
INFO: [Synth 8-5546] ROM "busy_sr" won't be mapped to RAM because it is too sparse
INFO: [Synth 8-5546] ROM "finished" won't be mapped to RAM because it is too sparse
INFO: [Synth 8-5546] ROM "vCounter" won't be mapped to RAM because it is too sparse
---------------------------------------------------------------------------------
Finished RTL Optimization Phase 2 : Time (s): cpu = 00:00:12 ; elapsed = 00:00:14 . Memory (MB): peak = 821.129 ; gain = 492.039
---------------------------------------------------------------------------------

Report RTL Partitions: 
+-+--------------+------------+----------+
| |RTL Partition |Replication |Instances |
+-+--------------+------------+----------+
+-+--------------+------------+----------+
---------------------------------------------------------------------------------
Start RTL Component Statistics 
---------------------------------------------------------------------------------
Detailed RTL Component Info : 
+---Adders : 
	   2 Input     10 Bit       Adders := 2     
	   2 Input      8 Bit       Adders := 2     
+---Registers : 
	               32 Bit    Registers := 6     
	               19 Bit    Registers := 2     
	               16 Bit    Registers := 1     
	               12 Bit    Registers := 1     
	               10 Bit    Registers := 2     
	                8 Bit    Registers := 1     
	                4 Bit    Registers := 5     
	                2 Bit    Registers := 3     
	                1 Bit    Registers := 13    
+---Muxes : 
	   2 Input     32 Bit        Muxes := 5     
	   4 Input     32 Bit        Muxes := 4     
	   2 Input     19 Bit        Muxes := 1     
	   2 Input      8 Bit        Muxes := 2     
	   2 Input      4 Bit        Muxes := 3     
	   7 Input      2 Bit        Muxes := 1     
	   2 Input      2 Bit        Muxes := 2     
	   2 Input      1 Bit        Muxes := 13    
	   3 Input      1 Bit        Muxes := 1     
	   4 Input      1 Bit        Muxes := 3     
---------------------------------------------------------------------------------
Finished RTL Component Statistics 
---------------------------------------------------------------------------------
---------------------------------------------------------------------------------
Start RTL Hierarchical Component Statistics 
---------------------------------------------------------------------------------
Hierarchical RTL Component report 
Module i2c_sender 
Detailed RTL Component Info : 
+---Adders : 
	   2 Input      8 Bit       Adders := 2     
+---Registers : 
	               32 Bit    Registers := 2     
	                8 Bit    Registers := 1     
	                1 Bit    Registers := 2     
+---Muxes : 
	   2 Input     32 Bit        Muxes := 2     
	   2 Input      8 Bit        Muxes := 2     
	   7 Input      2 Bit        Muxes := 1     
	   2 Input      1 Bit        Muxes := 4     
	   3 Input      1 Bit        Muxes := 1     
	   4 Input      1 Bit        Muxes := 3     
Module OV7670_controller 
Detailed RTL Component Info : 
+---Registers : 
	                1 Bit    Registers := 1     
+---Muxes : 
	   2 Input      2 Bit        Muxes := 1     
Module OV7670_capture 
Detailed RTL Component Info : 
+---Registers : 
	               19 Bit    Registers := 1     
	               16 Bit    Registers := 1     
	               12 Bit    Registers := 1     
	                2 Bit    Registers := 1     
	                1 Bit    Registers := 1     
+---Muxes : 
	   2 Input     19 Bit        Muxes := 1     
	   2 Input      2 Bit        Muxes := 1     
	   2 Input      1 Bit        Muxes := 1     
Module vga 
Detailed RTL Component Info : 
+---Adders : 
	   2 Input     10 Bit       Adders := 2     
+---Registers : 
	               19 Bit    Registers := 1     
	               10 Bit    Registers := 2     
	                4 Bit    Registers := 3     
	                1 Bit    Registers := 3     
+---Muxes : 
	   2 Input      4 Bit        Muxes := 3     
	   2 Input      1 Bit        Muxes := 3     
Module CameraIP_v1_0_S00_AXI 
Detailed RTL Component Info : 
+---Registers : 
	               32 Bit    Registers := 4     
	                4 Bit    Registers := 2     
	                2 Bit    Registers := 2     
	                1 Bit    Registers := 6     
+---Muxes : 
	   2 Input     32 Bit        Muxes := 3     
	   4 Input     32 Bit        Muxes := 4     
	   2 Input      1 Bit        Muxes := 5     
---------------------------------------------------------------------------------
Finished RTL Hierarchical Component Statistics
---------------------------------------------------------------------------------
---------------------------------------------------------------------------------
Start Part Resource Summary
---------------------------------------------------------------------------------
Part Resources:
DSPs: 240 (col length:80)
BRAMs: 270 (col length: RAMB18 80 RAMB36 40)
---------------------------------------------------------------------------------
Finished Part Resource Summary
---------------------------------------------------------------------------------
---------------------------------------------------------------------------------
Start Cross Boundary and Area Optimization
---------------------------------------------------------------------------------
Warning: Parallel synthesis criteria is not met 
INFO: [Synth 8-5546] ROM "inst/CameraIP_v1_0_S00_AXI_inst/ov7670/controller/sender/divider" won't be mapped to RAM because it is too sparse
INFO: [Synth 8-5546] ROM "inst/CameraIP_v1_0_S00_AXI_inst/ov7670/controller/sender/busy_sr" won't be mapped to RAM because it is too sparse
INFO: [Synth 8-5546] ROM "inst/CameraIP_v1_0_S00_AXI_inst/ov7670/controller/finished" won't be mapped to RAM because it is too sparse
INFO: [Synth 8-5546] ROM "inst/CameraIP_v1_0_S00_AXI_inst/ov7670/vga/vCounter" won't be mapped to RAM because it is too sparse
INFO: [Synth 8-3917] design embsys_CameraIP_0_3 has port OV7670_RESET driven by constant 1
INFO: [Synth 8-3917] design embsys_CameraIP_0_3 has port OV7670_PWDN driven by constant 0
WARNING: [Synth 8-3331] design embsys_CameraIP_0_3 has unconnected port s00_axi_awprot[2]
WARNING: [Synth 8-3331] design embsys_CameraIP_0_3 has unconnected port s00_axi_awprot[1]
WARNING: [Synth 8-3331] design embsys_CameraIP_0_3 has unconnected port s00_axi_awprot[0]
WARNING: [Synth 8-3331] design embsys_CameraIP_0_3 has unconnected port s00_axi_arprot[2]
WARNING: [Synth 8-3331] design embsys_CameraIP_0_3 has unconnected port s00_axi_arprot[1]
WARNING: [Synth 8-3331] design embsys_CameraIP_0_3 has unconnected port s00_axi_arprot[0]
INFO: [Synth 8-3333] propagating constant 1 across sequential element (\inst/CameraIP_v1_0_S00_AXI_inst/ov7670/controller/sender/data_sr_reg[0] )
INFO: [Synth 8-3886] merging instance 'inst/CameraIP_v1_0_S00_AXI_inst/axi_rresp_reg[0]' (FDRE) to 'inst/CameraIP_v1_0_S00_AXI_inst/axi_rresp_reg[1]'
INFO: [Synth 8-3333] propagating constant 0 across sequential element (\inst/CameraIP_v1_0_S00_AXI_inst/axi_rresp_reg[1] )
INFO: [Synth 8-3886] merging instance 'inst/CameraIP_v1_0_S00_AXI_inst/axi_bresp_reg[0]' (FDRE) to 'inst/CameraIP_v1_0_S00_AXI_inst/axi_bresp_reg[1]'
INFO: [Synth 8-3333] propagating constant 0 across sequential element (\inst/CameraIP_v1_0_S00_AXI_inst/axi_bresp_reg[1] )
INFO: [Synth 8-3332] Sequential element (inst/CameraIP_v1_0_S00_AXI_inst/axi_awaddr_reg[1]) is unused and will be removed from module embsys_CameraIP_0_3.
INFO: [Synth 8-3332] Sequential element (inst/CameraIP_v1_0_S00_AXI_inst/axi_awaddr_reg[0]) is unused and will be removed from module embsys_CameraIP_0_3.
INFO: [Synth 8-3332] Sequential element (inst/CameraIP_v1_0_S00_AXI_inst/ov7670/controller/sender/data_sr_reg[0]) is unused and will be removed from module embsys_CameraIP_0_3.
INFO: [Synth 8-3332] Sequential element (inst/CameraIP_v1_0_S00_AXI_inst/ov7670/capture/d_latch_reg[11]) is unused and will be removed from module embsys_CameraIP_0_3.
INFO: [Synth 8-3332] Sequential element (inst/CameraIP_v1_0_S00_AXI_inst/axi_bresp_reg[1]) is unused and will be removed from module embsys_CameraIP_0_3.
INFO: [Synth 8-3332] Sequential element (inst/CameraIP_v1_0_S00_AXI_inst/axi_araddr_reg[1]) is unused and will be removed from module embsys_CameraIP_0_3.
INFO: [Synth 8-3332] Sequential element (inst/CameraIP_v1_0_S00_AXI_inst/axi_araddr_reg[0]) is unused and will be removed from module embsys_CameraIP_0_3.
INFO: [Synth 8-3332] Sequential element (inst/CameraIP_v1_0_S00_AXI_inst/axi_rresp_reg[1]) is unused and will be removed from module embsys_CameraIP_0_3.
---------------------------------------------------------------------------------
Finished Cross Boundary and Area Optimization : Time (s): cpu = 00:00:14 ; elapsed = 00:00:15 . Memory (MB): peak = 821.129 ; gain = 492.039
---------------------------------------------------------------------------------

Report RTL Partitions: 
+-+--------------+------------+----------+
| |RTL Partition |Replication |Instances |
+-+--------------+------------+----------+
+-+--------------+------------+----------+
---------------------------------------------------------------------------------
Start Applying XDC Timing Constraints
---------------------------------------------------------------------------------
---------------------------------------------------------------------------------
Finished Applying XDC Timing Constraints : Time (s): cpu = 00:00:22 ; elapsed = 00:00:25 . Memory (MB): peak = 821.145 ; gain = 492.055
---------------------------------------------------------------------------------
---------------------------------------------------------------------------------
Start Timing Optimization
---------------------------------------------------------------------------------
---------------------------------------------------------------------------------
Finished Timing Optimization : Time (s): cpu = 00:00:22 ; elapsed = 00:00:25 . Memory (MB): peak = 821.590 ; gain = 492.500
---------------------------------------------------------------------------------

Report RTL Partitions: 
+-+--------------+------------+----------+
| |RTL Partition |Replication |Instances |
+-+--------------+------------+----------+
+-+--------------+------------+----------+
---------------------------------------------------------------------------------
Start Technology Mapping
---------------------------------------------------------------------------------
INFO: [Synth 8-5816] Retiming module `embsys_CameraIP_0_3`
	Effective logic levels on critical path before retiming is: 3
	Total number of crtical paths = 0

	Optimizing at the module level
	Optimizing locally to improve critical paths(may not reduce worst delay)

	Effective logic levels on critical path after retiming is: 3
	Total number of crtical paths = 0
	Numbers of forward move = 0, and backward move = 0


INFO: [Synth 8-5816] Retiming module `embsys_CameraIP_0_3' done


---------------------------------------------------------------------------------
Finished Technology Mapping : Time (s): cpu = 00:00:23 ; elapsed = 00:00:25 . Memory (MB): peak = 842.832 ; gain = 513.742
---------------------------------------------------------------------------------

Report RTL Partitions: 
+-+--------------+------------+----------+
| |RTL Partition |Replication |Instances |
+-+--------------+------------+----------+
+-+--------------+------------+----------+
---------------------------------------------------------------------------------
Start IO Insertion
---------------------------------------------------------------------------------
---------------------------------------------------------------------------------
Start Flattening Before IO Insertion
---------------------------------------------------------------------------------
---------------------------------------------------------------------------------
Finished Flattening Before IO Insertion
---------------------------------------------------------------------------------
---------------------------------------------------------------------------------
Start Final Netlist Cleanup
---------------------------------------------------------------------------------
---------------------------------------------------------------------------------
Finished Final Netlist Cleanup
---------------------------------------------------------------------------------
CRITICAL WARNING: [Synth 8-5799] Converted tricell instance 'CameraIP_v1_0_S00_AXI_insti_0' to logic
---------------------------------------------------------------------------------
Finished IO Insertion : Time (s): cpu = 00:00:24 ; elapsed = 00:00:26 . Memory (MB): peak = 842.832 ; gain = 513.742
---------------------------------------------------------------------------------

Report Check Netlist: 
+------+------------------+-------+---------+-------+------------------+
|      |Item              |Errors |Warnings |Status |Description       |
+------+------------------+-------+---------+-------+------------------+
|1     |multi_driven_nets |      0|        0|Passed |Multi driven nets |
+------+------------------+-------+---------+-------+------------------+
---------------------------------------------------------------------------------
Start Renaming Generated Instances
---------------------------------------------------------------------------------
---------------------------------------------------------------------------------
Finished Renaming Generated Instances : Time (s): cpu = 00:00:24 ; elapsed = 00:00:26 . Memory (MB): peak = 842.832 ; gain = 513.742
---------------------------------------------------------------------------------

Report RTL Partitions: 
+-+--------------+------------+----------+
| |RTL Partition |Replication |Instances |
+-+--------------+------------+----------+
+-+--------------+------------+----------+
---------------------------------------------------------------------------------
Start Rebuilding User Hierarchy
---------------------------------------------------------------------------------
---------------------------------------------------------------------------------
Finished Rebuilding User Hierarchy : Time (s): cpu = 00:00:24 ; elapsed = 00:00:26 . Memory (MB): peak = 842.832 ; gain = 513.742
---------------------------------------------------------------------------------
---------------------------------------------------------------------------------
Start Renaming Generated Ports
---------------------------------------------------------------------------------
---------------------------------------------------------------------------------
Finished Renaming Generated Ports : Time (s): cpu = 00:00:24 ; elapsed = 00:00:26 . Memory (MB): peak = 842.832 ; gain = 513.742
---------------------------------------------------------------------------------
---------------------------------------------------------------------------------
Start Handling Custom Attributes
---------------------------------------------------------------------------------
---------------------------------------------------------------------------------
Finished Handling Custom Attributes : Time (s): cpu = 00:00:24 ; elapsed = 00:00:26 . Memory (MB): peak = 842.832 ; gain = 513.742
---------------------------------------------------------------------------------
---------------------------------------------------------------------------------
Start Renaming Generated Nets
---------------------------------------------------------------------------------
---------------------------------------------------------------------------------
Finished Renaming Generated Nets : Time (s): cpu = 00:00:24 ; elapsed = 00:00:26 . Memory (MB): peak = 842.832 ; gain = 513.742
---------------------------------------------------------------------------------
---------------------------------------------------------------------------------
Start Writing Synthesis Report
---------------------------------------------------------------------------------

Report BlackBoxes: 
+-+--------------+----------+
| |BlackBox name |Instances |
+-+--------------+----------+
+-+--------------+----------+

Report Cell Usage: 
+------+-------+------+
|      |Cell   |Count |
+------+-------+------+
|1     |CARRY4 |    10|
|2     |LUT1   |     7|
|3     |LUT2   |    62|
|4     |LUT3   |    57|
|5     |LUT4   |    32|
|6     |LUT5   |    44|
|7     |LUT6   |    44|
|8     |FDCE   |   133|
|9     |FDPE   |    33|
|10    |FDRE   |   186|
|11    |FDSE   |     1|
+------+-------+------+

Report Instance Areas: 
+------+-------------------------------+----------------------+------+
|      |Instance                       |Module                |Cells |
+------+-------------------------------+----------------------+------+
|1     |top                            |                      |   609|
|2     |  inst                         |CameraIP_v1_0         |   609|
|3     |    CameraIP_v1_0_S00_AXI_inst |CameraIP_v1_0_S00_AXI |   609|
|4     |      ov7670                   |OV7670_wrapper        |   414|
|5     |        capture                |OV7670_capture        |   117|
|6     |        controller             |OV7670_controller     |   163|
|7     |          sender               |i2c_sender            |   161|
|8     |        vga                    |vga                   |   134|
+------+-------------------------------+----------------------+------+
---------------------------------------------------------------------------------
Finished Writing Synthesis Report : Time (s): cpu = 00:00:24 ; elapsed = 00:00:26 . Memory (MB): peak = 842.832 ; gain = 513.742
---------------------------------------------------------------------------------
Synthesis finished with 0 errors, 1 critical warnings and 6 warnings.
Synthesis Optimization Runtime : Time (s): cpu = 00:00:14 ; elapsed = 00:00:19 . Memory (MB): peak = 842.832 ; gain = 177.949
Synthesis Optimization Complete : Time (s): cpu = 00:00:24 ; elapsed = 00:00:26 . Memory (MB): peak = 842.832 ; gain = 513.742
INFO: [Project 1-571] Translating synthesized netlist
INFO: [Netlist 29-17] Analyzing 10 Unisim elements for replacement
INFO: [Netlist 29-28] Unisim Transformation completed in 0 CPU seconds
INFO: [Project 1-570] Preparing netlist for logic optimization
INFO: [Opt 31-138] Pushed 0 inverter(s) to 0 load pin(s).
INFO: [Project 1-111] Unisim Transformation Summary:
No Unisim elements were transformed.

INFO: [Common 17-83] Releasing license: Synthesis
55 Infos, 26 Warnings, 1 Critical Warnings and 0 Errors encountered.
synth_design completed successfully
synth_design: Time (s): cpu = 00:00:26 ; elapsed = 00:00:29 . Memory (MB): peak = 848.383 ; gain = 530.766
WARNING: [Constraints 18-5210] No constraint will be written out.
INFO: [Common 17-1381] The checkpoint 'C:/Users/Public/Vivado/ECE544_PROJv3/project_1/project_1.runs/embsys_CameraIP_0_3_synth_1/embsys_CameraIP_0_3.dcp' has been generated.
