#-----------------------------------------------------------
# Vivado v2018.2 (64-bit)
# SW Build 2258646 on Thu Jun 14 20:03:12 MDT 2018
# IP Build 2256618 on Thu Jun 14 22:10:49 MDT 2018
# Start of session at: Fri Jun  7 14:33:01 2019
# Process ID: 52316
# Current directory: C:/Users/Public/Vivado/ECE544_PROJv3/ip_repo
# Command line: vivado.exe -gui_launcher_event rodinguilauncherevent42956 C:\Users\Public\Vivado\ECE544_PROJv3\ip_repo\edit_CameraIP_v1_0.xpr
# Log file: C:/Users/Public/Vivado/ECE544_PROJv3/ip_repo/vivado.log
# Journal file: C:/Users/Public/Vivado/ECE544_PROJv3/ip_repo\vivado.jou
#-----------------------------------------------------------
Sourcing tcl script 'C:/Users/Ryan Bornhorst/AppData/Roaming/Xilinx/Vivado/Vivado_init.tcl'
start_gui
open_project C:/Users/Public/Vivado/ECE544_PROJv3/ip_repo/edit_CameraIP_v1_0.xpr
WARNING: [Board 49-91] Board repository path 'C:XilinxVivadoÅ8.2dataoards' does not exist, it will not be used to search board files.
Scanning sources...
Finished scanning sources
WARNING: [filemgmt 56-3] Board Part Repository Path: Could not find the directory 'C:/Users/Ryan Bornhorst/AppData/Roaming/Xilinx/Vivado/XilinxVivadoÅ8.2dataoards'.
INFO: [IP_Flow 19-234] Refreshing IP repositories
INFO: [IP_Flow 19-1700] Loaded user IP repository 'c:/Users/Public/Vivado/ECE544_PROJv3/ip_repo/CameraIP_1.0'.
WARNING: [IP_Flow 19-2207] Repository 'c:/Users/Public/Vivado/ECE544_PROJv3/ip_repo/CameraIP_1.0' already exists; ignoring attempt to add it again.
INFO: [IP_Flow 19-1700] Loaded user IP repository 'c:/Users/Public/Vivado/ECE544_PROJv3/ip_repo/CameraIP_1.0'.
INFO: [IP_Flow 19-1700] Loaded user IP repository 'c:/Users/Ryan Bornhorst/Desktop/ECE544/ProjectGS/repositories/digilentip-library-master'.
INFO: [IP_Flow 19-1700] Loaded user IP repository 'c:/Users/Ryan Bornhorst/Desktop/ECE544/ProjectGS/repositories/ece544ip-library-master'.
INFO: [IP_Flow 19-2313] Loaded Vivado IP repository 'C:/Xilinx/Vivado/2018.2/data/ip'.
open_project: Time (s): cpu = 00:00:13 ; elapsed = 00:00:09 . Memory (MB): peak = 870.211 ; gain = 165.336
update_compile_order -fileset sources_1
ipx::open_ipxact_file {C:\Users\Public\Vivado\ECE544_PROJv3\ip_repo\CameraIP_1.0\component.xml}
WARNING: [IP_Flow 19-5226] Project source file 'c:/Users/Public/Vivado/ECE544_PROJv3/ip_repo/CameraIP_1.0/component.xml' ignored by IP packager.
set_property core_revision 25 [ipx::current_core]
ipx::create_xgui_files [ipx::current_core]
ipx::update_checksums [ipx::current_core]
ipx::save_core [ipx::current_core]
update_ip_catalog -rebuild -repo_path c:/Users/Public/Vivado/ECE544_PROJv3/ip_repo/CameraIP_1.0
INFO: [IP_Flow 19-725] Reloaded user IP repository 'c:/Users/Public/Vivado/ECE544_PROJv3/ip_repo/CameraIP_1.0'
exit
INFO: [Common 17-206] Exiting Vivado at Fri Jun  7 14:37:41 2019...
