#-----------------------------------------------------------
# Vivado v2018.2 (64-bit)
# SW Build 2258646 on Thu Jun 14 20:03:12 MDT 2018
# IP Build 2256618 on Thu Jun 14 22:10:49 MDT 2018
# Start of session at: Thu Jun  6 11:22:46 2019
# Process ID: 28116
# Current directory: C:/Users/Public/Vivado/ECE544_PROJv3/ip_repo
# Command line: vivado.exe -gui_launcher_event rodinguilauncherevent46216 C:\Users\Public\Vivado\ECE544_PROJv3\ip_repo\edit_CameraIP_v1_0.xpr
# Log file: C:/Users/Public/Vivado/ECE544_PROJv3/ip_repo/vivado.log
# Journal file: C:/Users/Public/Vivado/ECE544_PROJv3/ip_repo\vivado.jou
#-----------------------------------------------------------
Sourcing tcl script 'C:/Users/Ryan Bornhorst/AppData/Roaming/Xilinx/Vivado/Vivado_init.tcl'
start_gui
open_project C:/Users/Public/Vivado/ECE544_PROJv3/ip_repo/edit_CameraIP_v1_0.xpr
WARNING: [Board 49-91] Board repository path 'C:XilinxVivadoÅ8.2dataoards' does not exist, it will not be used to search board files.
Scanning sources...
Finished scanning sources
WARNING: [filemgmt 56-3] Board Part Repository Path: Could not find the directory 'C:/Users/Ryan Bornhorst/AppData/Roaming/Xilinx/Vivado/XilinxVivadoÅ8.2dataoards'.
INFO: [IP_Flow 19-234] Refreshing IP repositories
INFO: [IP_Flow 19-1700] Loaded user IP repository 'c:/Users/Public/Vivado/ECE544_PROJv3/ip_repo/CameraIP_1.0'.
WARNING: [IP_Flow 19-2207] Repository 'c:/Users/Public/Vivado/ECE544_PROJv3/ip_repo/CameraIP_1.0' already exists; ignoring attempt to add it again.
INFO: [IP_Flow 19-1700] Loaded user IP repository 'c:/Users/Public/Vivado/ECE544_PROJv3/ip_repo/CameraIP_1.0'.
INFO: [IP_Flow 19-1700] Loaded user IP repository 'c:/Users/Ryan Bornhorst/Desktop/ECE544/ProjectGS/repositories/digilentip-library-master'.
INFO: [IP_Flow 19-1700] Loaded user IP repository 'c:/Users/Ryan Bornhorst/Desktop/ECE544/ProjectGS/repositories/ece544ip-library-master'.
INFO: [IP_Flow 19-2313] Loaded Vivado IP repository 'C:/Xilinx/Vivado/2018.2/data/ip'.
open_project: Time (s): cpu = 00:00:15 ; elapsed = 00:00:11 . Memory (MB): peak = 812.008 ; gain = 159.617
update_compile_order -fileset sources_1
ipx::open_ipxact_file {C:\Users\Public\Vivado\ECE544_PROJv3\ip_repo\CameraIP_1.0\component.xml}
WARNING: [IP_Flow 19-5226] Project source file 'c:/Users/Public/Vivado/ECE544_PROJv3/ip_repo/CameraIP_1.0/component.xml' ignored by IP packager.
reset_run synth_1
launch_runs synth_1 -jobs 4
[Thu Jun  6 15:36:23 2019] Launched synth_1...
Run output will be captured here: C:/Users/Public/Vivado/ECE544_PROJv3/ip_repo/edit_CameraIP_v1_0.runs/synth_1/runme.log
launch_runs impl_1 -jobs 4
[Thu Jun  6 15:37:22 2019] Launched impl_1...
Run output will be captured here: C:/Users/Public/Vivado/ECE544_PROJv3/ip_repo/edit_CameraIP_v1_0.runs/impl_1/runme.log
set_property core_revision 12 [ipx::current_core]
ipx::create_xgui_files [ipx::current_core]
ipx::update_checksums [ipx::current_core]
ipx::save_core [ipx::current_core]
update_ip_catalog -rebuild -repo_path c:/Users/Public/Vivado/ECE544_PROJv3/ip_repo/CameraIP_1.0
INFO: [IP_Flow 19-725] Reloaded user IP repository 'c:/Users/Public/Vivado/ECE544_PROJv3/ip_repo/CameraIP_1.0'
WARNING: [filemgmt 56-199] Attempt to get parsing info during refresh. "On-the-fly" syntax checking information may be incorrect. [C:/Users/Public/Vivado/ECE544_PROJv3/ip_repo/CameraIP_1.0/src/vga.v:]
WARNING: [filemgmt 56-199] Attempt to get parsing info during refresh. "On-the-fly" syntax checking information may be incorrect. [C:/Users/Public/Vivado/ECE544_PROJv3/ip_repo/CameraIP_1.0/src/i2c_sender.v:]
WARNING: [filemgmt 56-199] Attempt to get parsing info during refresh. "On-the-fly" syntax checking information may be incorrect. [c:/Users/Public/Vivado/ECE544_PROJv3/ip_repo/CameraIP_1.0/src/OV7670_capture.v:]
WARNING: [filemgmt 56-199] Attempt to get parsing info during refresh. "On-the-fly" syntax checking information may be incorrect. [C:/Users/Public/Vivado/ECE544_PROJv3/ip_repo/CameraIP_1.0/src/OV7670_wrapper.v:]
WARNING: [filemgmt 56-199] Attempt to get parsing info during refresh. "On-the-fly" syntax checking information may be incorrect. [C:/Users/Public/Vivado/ECE544_PROJv3/ip_repo/CameraIP_1.0/hdl/CameraIP_v1_0_S00_AXI.v:]
WARNING: [filemgmt 56-199] Attempt to get parsing info during refresh. "On-the-fly" syntax checking information may be incorrect. [C:/Users/Public/Vivado/ECE544_PROJv3/ip_repo/CameraIP_1.0/src/OV7670_capture.v:]
WARNING: [filemgmt 56-199] Attempt to get parsing info during refresh. "On-the-fly" syntax checking information may be incorrect. [C:/Users/Public/Vivado/ECE544_PROJv3/ip_repo/CameraIP_1.0/src/OV7670_controller.v:]
WARNING: [filemgmt 56-199] Attempt to get parsing info during refresh. "On-the-fly" syntax checking information may be incorrect. [C:/Users/Public/Vivado/ECE544_PROJv3/ip_repo/CameraIP_1.0/hdl/CameraIP_v1_0.v:]
ipx::merge_project_changes files [ipx::current_core]
WARNING: [IP_Flow 19-5226] Project source file 'c:/Users/Public/Vivado/ECE544_PROJv3/ip_repo/CameraIP_1.0/component.xml' ignored by IP packager.
set_property core_revision 13 [ipx::current_core]
ipx::create_xgui_files [ipx::current_core]
ipx::update_checksums [ipx::current_core]
ipx::save_core [ipx::current_core]
update_ip_catalog -rebuild -repo_path c:/Users/Public/Vivado/ECE544_PROJv3/ip_repo/CameraIP_1.0
INFO: [IP_Flow 19-725] Reloaded user IP repository 'c:/Users/Public/Vivado/ECE544_PROJv3/ip_repo/CameraIP_1.0'
ipx::merge_project_changes files [ipx::current_core]
WARNING: [IP_Flow 19-5226] Project source file 'c:/Users/Public/Vivado/ECE544_PROJv3/ip_repo/CameraIP_1.0/component.xml' ignored by IP packager.
set_property core_revision 14 [ipx::current_core]
ipx::create_xgui_files [ipx::current_core]
ipx::update_checksums [ipx::current_core]
ipx::save_core [ipx::current_core]
update_ip_catalog -rebuild -repo_path c:/Users/Public/Vivado/ECE544_PROJv3/ip_repo/CameraIP_1.0
INFO: [IP_Flow 19-725] Reloaded user IP repository 'c:/Users/Public/Vivado/ECE544_PROJv3/ip_repo/CameraIP_1.0'
ipx::merge_project_changes files [ipx::current_core]
WARNING: [IP_Flow 19-5226] Project source file 'c:/Users/Public/Vivado/ECE544_PROJv3/ip_repo/CameraIP_1.0/component.xml' ignored by IP packager.
set_property core_revision 15 [ipx::current_core]
ipx::create_xgui_files [ipx::current_core]
ipx::update_checksums [ipx::current_core]
ipx::save_core [ipx::current_core]
update_ip_catalog -rebuild -repo_path c:/Users/Public/Vivado/ECE544_PROJv3/ip_repo/CameraIP_1.0
INFO: [IP_Flow 19-725] Reloaded user IP repository 'c:/Users/Public/Vivado/ECE544_PROJv3/ip_repo/CameraIP_1.0'
ipx::merge_project_changes files [ipx::current_core]
WARNING: [IP_Flow 19-5226] Project source file 'c:/Users/Public/Vivado/ECE544_PROJv3/ip_repo/CameraIP_1.0/component.xml' ignored by IP packager.
set_property core_revision 16 [ipx::current_core]
ipx::create_xgui_files [ipx::current_core]
ipx::update_checksums [ipx::current_core]
ipx::save_core [ipx::current_core]
update_ip_catalog -rebuild -repo_path c:/Users/Public/Vivado/ECE544_PROJv3/ip_repo/CameraIP_1.0
INFO: [IP_Flow 19-725] Reloaded user IP repository 'c:/Users/Public/Vivado/ECE544_PROJv3/ip_repo/CameraIP_1.0'
ipx::merge_project_changes files [ipx::current_core]
WARNING: [IP_Flow 19-5226] Project source file 'c:/Users/Public/Vivado/ECE544_PROJv3/ip_repo/CameraIP_1.0/component.xml' ignored by IP packager.
set_property core_revision 17 [ipx::current_core]
ipx::create_xgui_files [ipx::current_core]
ipx::update_checksums [ipx::current_core]
ipx::save_core [ipx::current_core]
update_ip_catalog -rebuild -repo_path c:/Users/Public/Vivado/ECE544_PROJv3/ip_repo/CameraIP_1.0
INFO: [IP_Flow 19-725] Reloaded user IP repository 'c:/Users/Public/Vivado/ECE544_PROJv3/ip_repo/CameraIP_1.0'
ipx::merge_project_changes files [ipx::current_core]
WARNING: [IP_Flow 19-5226] Project source file 'c:/Users/Public/Vivado/ECE544_PROJv3/ip_repo/CameraIP_1.0/component.xml' ignored by IP packager.
set_property core_revision 18 [ipx::current_core]
ipx::create_xgui_files [ipx::current_core]
ipx::update_checksums [ipx::current_core]
ipx::save_core [ipx::current_core]
update_ip_catalog -rebuild -repo_path c:/Users/Public/Vivado/ECE544_PROJv3/ip_repo/CameraIP_1.0
INFO: [IP_Flow 19-725] Reloaded user IP repository 'c:/Users/Public/Vivado/ECE544_PROJv3/ip_repo/CameraIP_1.0'
ipx::merge_project_changes files [ipx::current_core]
WARNING: [IP_Flow 19-5226] Project source file 'c:/Users/Public/Vivado/ECE544_PROJv3/ip_repo/CameraIP_1.0/component.xml' ignored by IP packager.
set_property core_revision 19 [ipx::current_core]
ipx::create_xgui_files [ipx::current_core]
ipx::update_checksums [ipx::current_core]
ipx::save_core [ipx::current_core]
update_ip_catalog -rebuild -repo_path c:/Users/Public/Vivado/ECE544_PROJv3/ip_repo/CameraIP_1.0
INFO: [IP_Flow 19-725] Reloaded user IP repository 'c:/Users/Public/Vivado/ECE544_PROJv3/ip_repo/CameraIP_1.0'
ipx::merge_project_changes files [ipx::current_core]
WARNING: [IP_Flow 19-5226] Project source file 'c:/Users/Public/Vivado/ECE544_PROJv3/ip_repo/CameraIP_1.0/component.xml' ignored by IP packager.
set_property core_revision 20 [ipx::current_core]
ipx::create_xgui_files [ipx::current_core]
ipx::update_checksums [ipx::current_core]
ipx::save_core [ipx::current_core]
update_ip_catalog -rebuild -repo_path c:/Users/Public/Vivado/ECE544_PROJv3/ip_repo/CameraIP_1.0
INFO: [IP_Flow 19-725] Reloaded user IP repository 'c:/Users/Public/Vivado/ECE544_PROJv3/ip_repo/CameraIP_1.0'
ipx::merge_project_changes files [ipx::current_core]
WARNING: [IP_Flow 19-5226] Project source file 'c:/Users/Public/Vivado/ECE544_PROJv3/ip_repo/CameraIP_1.0/component.xml' ignored by IP packager.
set_property core_revision 21 [ipx::current_core]
ipx::create_xgui_files [ipx::current_core]
ipx::update_checksums [ipx::current_core]
ipx::save_core [ipx::current_core]
update_ip_catalog -rebuild -repo_path c:/Users/Public/Vivado/ECE544_PROJv3/ip_repo/CameraIP_1.0
INFO: [IP_Flow 19-725] Reloaded user IP repository 'c:/Users/Public/Vivado/ECE544_PROJv3/ip_repo/CameraIP_1.0'
ipx::merge_project_changes files [ipx::current_core]
WARNING: [IP_Flow 19-5226] Project source file 'c:/Users/Public/Vivado/ECE544_PROJv3/ip_repo/CameraIP_1.0/component.xml' ignored by IP packager.
set_property core_revision 22 [ipx::current_core]
ipx::create_xgui_files [ipx::current_core]
ipx::update_checksums [ipx::current_core]
ipx::save_core [ipx::current_core]
update_ip_catalog -rebuild -repo_path c:/Users/Public/Vivado/ECE544_PROJv3/ip_repo/CameraIP_1.0
INFO: [IP_Flow 19-725] Reloaded user IP repository 'c:/Users/Public/Vivado/ECE544_PROJv3/ip_repo/CameraIP_1.0'
set_property core_revision 23 [ipx::current_core]
ipx::create_xgui_files [ipx::current_core]
ipx::update_checksums [ipx::current_core]
ipx::save_core [ipx::current_core]
update_ip_catalog -rebuild -repo_path c:/Users/Public/Vivado/ECE544_PROJv3/ip_repo/CameraIP_1.0
INFO: [IP_Flow 19-725] Reloaded user IP repository 'c:/Users/Public/Vivado/ECE544_PROJv3/ip_repo/CameraIP_1.0'
reset_run synth_1
launch_runs synth_1 -jobs 4
[Fri Jun  7 13:49:28 2019] Launched synth_1...
Run output will be captured here: C:/Users/Public/Vivado/ECE544_PROJv3/ip_repo/edit_CameraIP_v1_0.runs/synth_1/runme.log
launch_runs impl_1 -jobs 4
[Fri Jun  7 13:50:15 2019] Launched impl_1...
Run output will be captured here: C:/Users/Public/Vivado/ECE544_PROJv3/ip_repo/edit_CameraIP_v1_0.runs/impl_1/runme.log
launch_runs impl_1 -to_step write_bitstream -jobs 4
[Fri Jun  7 13:54:29 2019] Launched impl_1...
Run output will be captured here: C:/Users/Public/Vivado/ECE544_PROJv3/ip_repo/edit_CameraIP_v1_0.runs/impl_1/runme.log
ipx::merge_project_changes files [ipx::current_core]
WARNING: [IP_Flow 19-5226] Project source file 'c:/Users/Public/Vivado/ECE544_PROJv3/ip_repo/CameraIP_1.0/component.xml' ignored by IP packager.
set_property core_revision 24 [ipx::current_core]
ipx::create_xgui_files [ipx::current_core]
ipx::update_checksums [ipx::current_core]
ipx::save_core [ipx::current_core]
update_ip_catalog -rebuild -repo_path c:/Users/Public/Vivado/ECE544_PROJv3/ip_repo/CameraIP_1.0
INFO: [IP_Flow 19-725] Reloaded user IP repository 'c:/Users/Public/Vivado/ECE544_PROJv3/ip_repo/CameraIP_1.0'
reset_run synth_1
launch_runs synth_1 -jobs 4
[Fri Jun  7 14:02:17 2019] Launched synth_1...
Run output will be captured here: C:/Users/Public/Vivado/ECE544_PROJv3/ip_repo/edit_CameraIP_v1_0.runs/synth_1/runme.log
launch_runs impl_1 -jobs 4
[Fri Jun  7 14:02:57 2019] Launched impl_1...
Run output will be captured here: C:/Users/Public/Vivado/ECE544_PROJv3/ip_repo/edit_CameraIP_v1_0.runs/impl_1/runme.log
exit
INFO: [Common 17-206] Exiting Vivado at Fri Jun  7 14:29:13 2019...
