Copyright 1986-2018 Xilinx, Inc. All Rights Reserved.
------------------------------------------------------------------------------------
| Tool Version : Vivado v.2018.2 (win64) Build 2258646 Thu Jun 14 20:03:12 MDT 2018
| Date         : Fri Jun  7 14:35:53 2019
| Host         : DESKTOP-976N9II running 64-bit major release  (build 9200)
| Command      : upgrade_ip
| Device       : xc7a100tcsg324-1
------------------------------------------------------------------------------------

Upgrade Log for IP 'embsys_CameraIP_0_3'

1. Summary
----------

SUCCESS in the upgrade of embsys_CameraIP_0_3 (xilinx.com:user:CameraIP:1.0) from (Rev. 24) to (Rev. 25)






Copyright 1986-2018 Xilinx, Inc. All Rights Reserved.
------------------------------------------------------------------------------------
| Tool Version : Vivado v.2018.2 (win64) Build 2258646 Thu Jun 14 20:03:12 MDT 2018
| Date         : Fri Jun  7 13:58:07 2019
| Host         : DESKTOP-976N9II running 64-bit major release  (build 9200)
| Command      : upgrade_ip
| Device       : xc7a100tcsg324-1
------------------------------------------------------------------------------------

Upgrade Log for IP 'embsys_CameraIP_0_3'

1. Summary
----------

SUCCESS in the upgrade of embsys_CameraIP_0_3 (xilinx.com:user:CameraIP:1.0) from (Rev. 23) to (Rev. 24)






Copyright 1986-2018 Xilinx, Inc. All Rights Reserved.
------------------------------------------------------------------------------------
| Tool Version : Vivado v.2018.2 (win64) Build 2258646 Thu Jun 14 20:03:12 MDT 2018
| Date         : Fri Jun  7 13:46:44 2019
| Host         : DESKTOP-976N9II running 64-bit major release  (build 9200)
| Command      : upgrade_ip
| Device       : xc7a100tcsg324-1
------------------------------------------------------------------------------------

Upgrade Log for IP 'embsys_CameraIP_0_3'

1. Summary
----------

SUCCESS in the upgrade of embsys_CameraIP_0_3 (xilinx.com:user:CameraIP:1.0) from (Rev. 21) to (Rev. 23)






Copyright 1986-2018 Xilinx, Inc. All Rights Reserved.
------------------------------------------------------------------------------------
| Tool Version : Vivado v.2018.2 (win64) Build 2258646 Thu Jun 14 20:03:12 MDT 2018
| Date         : Fri Jun  7 13:10:19 2019
| Host         : DESKTOP-976N9II running 64-bit major release  (build 9200)
| Command      : upgrade_ip
| Device       : xc7a100tcsg324-1
------------------------------------------------------------------------------------

Upgrade Log for IP 'embsys_CameraIP_0_3'

1. Summary
----------

SUCCESS in the upgrade of embsys_CameraIP_0_3 (xilinx.com:user:CameraIP:1.0) from (Rev. 20) to (Rev. 21)






Copyright 1986-2018 Xilinx, Inc. All Rights Reserved.
------------------------------------------------------------------------------------
| Tool Version : Vivado v.2018.2 (win64) Build 2258646 Thu Jun 14 20:03:12 MDT 2018
| Date         : Fri Jun  7 12:39:21 2019
| Host         : DESKTOP-976N9II running 64-bit major release  (build 9200)
| Command      : upgrade_ip
| Device       : xc7a100tcsg324-1
------------------------------------------------------------------------------------

Upgrade Log for IP 'embsys_CameraIP_0_3'

1. Summary
----------

SUCCESS in the upgrade of embsys_CameraIP_0_3 (xilinx.com:user:CameraIP:1.0) from (Rev. 19) to (Rev. 20)






Copyright 1986-2018 Xilinx, Inc. All Rights Reserved.
------------------------------------------------------------------------------------
| Tool Version : Vivado v.2018.2 (win64) Build 2258646 Thu Jun 14 20:03:12 MDT 2018
| Date         : Fri Jun  7 11:54:37 2019
| Host         : DESKTOP-976N9II running 64-bit major release  (build 9200)
| Command      : upgrade_ip
| Device       : xc7a100tcsg324-1
------------------------------------------------------------------------------------

Upgrade Log for IP 'embsys_CameraIP_0_3'

1. Summary
----------

SUCCESS in the upgrade of embsys_CameraIP_0_3 (xilinx.com:user:CameraIP:1.0) from (Rev. 18) to (Rev. 19)






Copyright 1986-2018 Xilinx, Inc. All Rights Reserved.
------------------------------------------------------------------------------------
| Tool Version : Vivado v.2018.2 (win64) Build 2258646 Thu Jun 14 20:03:12 MDT 2018
| Date         : Fri Jun  7 11:35:45 2019
| Host         : DESKTOP-976N9II running 64-bit major release  (build 9200)
| Command      : upgrade_ip
| Device       : xc7a100tcsg324-1
------------------------------------------------------------------------------------

Upgrade Log for IP 'embsys_CameraIP_0_3'

1. Summary
----------

SUCCESS in the upgrade of embsys_CameraIP_0_3 (xilinx.com:user:CameraIP:1.0) from (Rev. 17) to (Rev. 18)






Copyright 1986-2018 Xilinx, Inc. All Rights Reserved.
------------------------------------------------------------------------------------
| Tool Version : Vivado v.2018.2 (win64) Build 2258646 Thu Jun 14 20:03:12 MDT 2018
| Date         : Fri Jun  7 11:09:33 2019
| Host         : DESKTOP-976N9II running 64-bit major release  (build 9200)
| Command      : upgrade_ip
| Device       : xc7a100tcsg324-1
------------------------------------------------------------------------------------

Upgrade Log for IP 'embsys_CameraIP_0_3'

1. Summary
----------

SUCCESS in the upgrade of embsys_CameraIP_0_3 (xilinx.com:user:CameraIP:1.0) from (Rev. 16) to (Rev. 17)






Copyright 1986-2018 Xilinx, Inc. All Rights Reserved.
------------------------------------------------------------------------------------
| Tool Version : Vivado v.2018.2 (win64) Build 2258646 Thu Jun 14 20:03:12 MDT 2018
| Date         : Thu Jun  6 18:00:19 2019
| Host         : DESKTOP-976N9II running 64-bit major release  (build 9200)
| Command      : upgrade_ip
| Device       : xc7a100tcsg324-1
------------------------------------------------------------------------------------

Upgrade Log for IP 'embsys_CameraIP_0_3'

1. Summary
----------

SUCCESS in the upgrade of embsys_CameraIP_0_3 (xilinx.com:user:CameraIP:1.0) from (Rev. 15) to (Rev. 16)






Copyright 1986-2018 Xilinx, Inc. All Rights Reserved.
------------------------------------------------------------------------------------
| Tool Version : Vivado v.2018.2 (win64) Build 2258646 Thu Jun 14 20:03:12 MDT 2018
| Date         : Thu Jun  6 17:12:24 2019
| Host         : DESKTOP-976N9II running 64-bit major release  (build 9200)
| Command      : upgrade_ip
| Device       : xc7a100tcsg324-1
------------------------------------------------------------------------------------

Upgrade Log for IP 'embsys_CameraIP_0_3'

1. Summary
----------

SUCCESS in the upgrade of embsys_CameraIP_0_3 (xilinx.com:user:CameraIP:1.0) from (Rev. 14) to (Rev. 15)






Copyright 1986-2018 Xilinx, Inc. All Rights Reserved.
------------------------------------------------------------------------------------
| Tool Version : Vivado v.2018.2 (win64) Build 2258646 Thu Jun 14 20:03:12 MDT 2018
| Date         : Thu Jun  6 16:52:04 2019
| Host         : DESKTOP-976N9II running 64-bit major release  (build 9200)
| Command      : upgrade_ip
| Device       : xc7a100tcsg324-1
------------------------------------------------------------------------------------

Upgrade Log for IP 'embsys_CameraIP_0_3'

1. Summary
----------

SUCCESS in the upgrade of embsys_CameraIP_0_3 (xilinx.com:user:CameraIP:1.0) from (Rev. 13) to (Rev. 14)






Copyright 1986-2018 Xilinx, Inc. All Rights Reserved.
------------------------------------------------------------------------------------
| Tool Version : Vivado v.2018.2 (win64) Build 2258646 Thu Jun 14 20:03:12 MDT 2018
| Date         : Thu Jun  6 16:19:51 2019
| Host         : DESKTOP-976N9II running 64-bit major release  (build 9200)
| Command      : upgrade_ip
| Device       : xc7a100tcsg324-1
------------------------------------------------------------------------------------

Upgrade Log for IP 'embsys_CameraIP_0_3'

1. Summary
----------

SUCCESS in the upgrade of embsys_CameraIP_0_3 (xilinx.com:user:CameraIP:1.0) from (Rev. 12) to (Rev. 13)






Copyright 1986-2018 Xilinx, Inc. All Rights Reserved.
------------------------------------------------------------------------------------
| Tool Version : Vivado v.2018.2 (win64) Build 2258646 Thu Jun 14 20:03:12 MDT 2018
| Date         : Thu Jun  6 15:39:20 2019
| Host         : DESKTOP-976N9II running 64-bit major release  (build 9200)
| Command      : upgrade_ip
| Device       : xc7a100tcsg324-1
------------------------------------------------------------------------------------

Upgrade Log for IP 'embsys_CameraIP_0_3'

1. Summary
----------

SUCCESS in the upgrade of embsys_CameraIP_0_3 (xilinx.com:user:CameraIP:1.0) from (Rev. 11) to (Rev. 12)






Copyright 1986-2018 Xilinx, Inc. All Rights Reserved.
------------------------------------------------------------------------------------
| Tool Version : Vivado v.2018.2 (win64) Build 2258646 Thu Jun 14 20:03:12 MDT 2018
| Date         : Mon Jun  3 11:28:55 2019
| Host         : DESKTOP-976N9II running 64-bit major release  (build 9200)
| Command      : upgrade_ip
| Device       : xc7a100tcsg324-1
------------------------------------------------------------------------------------

Upgrade Log for IP 'embsys_CameraIP_0_3'

1. Summary
----------

SUCCESS in the upgrade of embsys_CameraIP_0_3 (xilinx.com:user:CameraIP:1.0) from (Rev. 10) to (Rev. 11)






Copyright 1986-2018 Xilinx, Inc. All Rights Reserved.
------------------------------------------------------------------------------------
| Tool Version : Vivado v.2018.2 (win64) Build 2258646 Thu Jun 14 20:03:12 MDT 2018
| Date         : Sun Jun  2 21:12:22 2019
| Host         : DESKTOP-976N9II running 64-bit major release  (build 9200)
| Command      : upgrade_ip
| Device       : xc7a100tcsg324-1
------------------------------------------------------------------------------------

Upgrade Log for IP 'embsys_CameraIP_0_3'

1. Summary
----------

CAUTION (success, with warnings) in the upgrade of embsys_CameraIP_0_3 (xilinx.com:user:CameraIP:1.0) from (Rev. 9) to (Rev. 10)

After upgrade, an IP may have parameter and port differences compared to the original customization. Please review the parameters within the IP customization GUI to ensure proper functionality. Also, please review the updated IP instantiation template to ensure proper connectivity, and update your design if required.

2. Connection Warnings
----------------------

Detected external port differences while upgrading 'embsys_CameraIP_0_3'. These changes may impact your design.


-Upgraded port 'vga_blue' width 4 differs from original width 1

-Upgraded port 'vga_green' width 4 differs from original width 1

-Upgraded port 'vga_red' width 4 differs from original width 1







Copyright 1986-2018 Xilinx, Inc. All Rights Reserved.
------------------------------------------------------------------------------------
| Tool Version : Vivado v.2018.2 (win64) Build 2258646 Thu Jun 14 20:03:12 MDT 2018
| Date         : Sun Jun  2 15:40:03 2019
| Host         : DESKTOP-976N9II running 64-bit major release  (build 9200)
| Command      : upgrade_ip
| Device       : xc7a100tcsg324-1
------------------------------------------------------------------------------------

Upgrade Log for IP 'embsys_CameraIP_0_3'

1. Summary
----------

SUCCESS in the upgrade of embsys_CameraIP_0_3 (xilinx.com:user:CameraIP:1.0) from (Rev. 8) to (Rev. 9)






Copyright 1986-2018 Xilinx, Inc. All Rights Reserved.
------------------------------------------------------------------------------------
| Tool Version : Vivado v.2018.2 (win64) Build 2258646 Thu Jun 14 20:03:12 MDT 2018
| Date         : Sun Jun  2 13:22:29 2019
| Host         : DESKTOP-976N9II running 64-bit major release  (build 9200)
| Command      : upgrade_ip
| Device       : xc7a100tcsg324-1
------------------------------------------------------------------------------------

Upgrade Log for IP 'embsys_CameraIP_0_3'

1. Summary
----------

SUCCESS in the upgrade of embsys_CameraIP_0_3 (xilinx.com:user:CameraIP:1.0) from (Rev. 7) to (Rev. 8)






Copyright 1986-2018 Xilinx, Inc. All Rights Reserved.
------------------------------------------------------------------------------------
| Tool Version : Vivado v.2018.2 (win64) Build 2258646 Thu Jun 14 20:03:12 MDT 2018
| Date         : Sun Jun  2 13:04:27 2019
| Host         : DESKTOP-976N9II running 64-bit major release  (build 9200)
| Command      : upgrade_ip
| Device       : xc7a100tcsg324-1
------------------------------------------------------------------------------------

Upgrade Log for IP 'embsys_CameraIP_0_3'

1. Summary
----------

CAUTION (success, with warnings) in the upgrade of embsys_CameraIP_0_3 (xilinx.com:user:CameraIP:1.0) from (Rev. 6) to (Rev. 7)

After upgrade, an IP may have parameter and port differences compared to the original customization. Please review the parameters within the IP customization GUI to ensure proper functionality. Also, please review the updated IP instantiation template to ensure proper connectivity, and update your design if required.

2. Connection Warnings
----------------------

Detected external port differences while upgrading 'embsys_CameraIP_0_3'. These changes may impact your design.


-Upgrade has added port 'sysreset_n'







Copyright 1986-2018 Xilinx, Inc. All Rights Reserved.
------------------------------------------------------------------------------------
| Tool Version : Vivado v.2018.2 (win64) Build 2258646 Thu Jun 14 20:03:12 MDT 2018
| Date         : Sun Jun  2 13:02:00 2019
| Host         : DESKTOP-976N9II running 64-bit major release  (build 9200)
| Command      : upgrade_ip
| Device       : xc7a100tcsg324-1
------------------------------------------------------------------------------------

Upgrade Log for IP 'embsys_CameraIP_0_3'

1. Summary
----------

CAUTION (success, with warnings) in the upgrade of embsys_CameraIP_0_3 (xilinx.com:user:CameraIP:1.0) from (Rev. 5) to (Rev. 6)

After upgrade, an IP may have parameter and port differences compared to the original customization. Please review the parameters within the IP customization GUI to ensure proper functionality. Also, please review the updated IP instantiation template to ensure proper connectivity, and update your design if required.

2. Connection Warnings
----------------------

Detected external port differences while upgrading 'embsys_CameraIP_0_3'. These changes may impact your design.


-Upgrade has removed port 'sysreset_n'







Copyright 1986-2018 Xilinx, Inc. All Rights Reserved.
------------------------------------------------------------------------------------
| Tool Version : Vivado v.2018.2 (win64) Build 2258646 Thu Jun 14 20:03:12 MDT 2018
| Date         : Sun Jun  2 11:58:50 2019
| Host         : DESKTOP-976N9II running 64-bit major release  (build 9200)
| Command      : upgrade_ip
| Device       : xc7a100tcsg324-1
------------------------------------------------------------------------------------

Upgrade Log for IP 'embsys_CameraIP_0_3'

1. Summary
----------

SUCCESS in the upgrade of embsys_CameraIP_0_3 (xilinx.com:user:CameraIP:1.0) from (Rev. 4) to (Rev. 5)






Copyright 1986-2018 Xilinx, Inc. All Rights Reserved.
------------------------------------------------------------------------------------
| Tool Version : Vivado v.2018.2 (win64) Build 2258646 Thu Jun 14 20:03:12 MDT 2018
| Date         : Sun Jun  2 11:51:10 2019
| Host         : DESKTOP-976N9II running 64-bit major release  (build 9200)
| Command      : upgrade_ip
| Device       : xc7a100tcsg324-1
------------------------------------------------------------------------------------

Upgrade Log for IP 'embsys_CameraIP_0_3'

1. Summary
----------

SUCCESS in the upgrade of embsys_CameraIP_0_3 (xilinx.com:user:CameraIP:1.0) from (Rev. 3) to (Rev. 4)






Copyright 1986-2018 Xilinx, Inc. All Rights Reserved.
------------------------------------------------------------------------------------
| Tool Version : Vivado v.2018.2 (win64) Build 2258646 Thu Jun 14 20:03:12 MDT 2018
| Date         : Sun Jun  2 11:10:51 2019
| Host         : DESKTOP-976N9II running 64-bit major release  (build 9200)
| Command      : upgrade_ip
| Device       : xc7a100tcsg324-1
------------------------------------------------------------------------------------

Upgrade Log for IP 'embsys_CameraIP_0_3'

1. Summary
----------

SUCCESS in the upgrade of embsys_CameraIP_0_3 (xilinx.com:user:CameraIP:1.0) from (Rev. 2) to (Rev. 3)

